Running matvec with n=128, np=1
Running matvec with n=128, np=2
Running matvec with n=128, np=4
Running matvec with n=128, np=8
Running matvec with n=128, np=16
Command timed out after 300s: mpirun --mca btl_base_warn_component_unused 0 -np 16 ./matvec 128
Running matvec with n=128, np=32
Command timed out after 300s: mpirun --mca btl_base_warn_component_unused 0 -np 32 ./matvec 128
Running matvec with n=256, np=1
Running matvec with n=256, np=2
Running matvec with n=256, np=4
Running matvec with n=256, np=8
Running matvec with n=256, np=16
Command timed out after 300s: mpirun --mca btl_base_warn_component_unused 0 -np 16 ./matvec 256
Running matvec with n=256, np=32
Command timed out after 300s: mpirun --mca btl_base_warn_component_unused 0 -np 32 ./matvec 256
Running matvec with n=512, np=1
Running matvec with n=512, np=2
Running matvec with n=512, np=4
Running matvec with n=512, np=8
Running matvec with n=512, np=16
Command timed out after 300s: mpirun --mca btl_base_warn_component_unused 0 -np 16 ./matvec 512
Running matvec with n=512, np=32
Command timed out after 300s: mpirun --mca btl_base_warn_component_unused 0 -np 32 ./matvec 512
Running matvec with n=1024, np=1
Running matvec with n=1024, np=2
Running matvec with n=1024, np=4
Running matvec with n=1024, np=8
Running matvec with n=1024, np=16
Command timed out after 300s: mpirun --mca btl_base_warn_component_unused 0 -np 16 ./matvec 1024
Running matvec with n=1024, np=32
Command timed out after 300s: mpirun --mca btl_base_warn_component_unused 0 -np 32 ./matvec 1024
Running matvec with n=2048, np=1
Running matvec with n=2048, np=2
Running matvec with n=2048, np=4
Running matvec with n=2048, np=8
Running matvec with n=2048, np=16
Command timed out after 300s: mpirun --mca btl_base_warn_component_unused 0 -np 16 ./matvec 2048
Running matvec with n=2048, np=32
Command timed out after 300s: mpirun --mca btl_base_warn_component_unused 0 -np 32 ./matvec 2048
Running matmat with n=128, np=1
Running matmat with n=128, np=2
Running matmat with n=128, np=4
Running matmat with n=128, np=8
Running matmat with n=128, np=16
Command timed out after 300s: mpirun --mca btl_base_warn_component_unused 0 -np 16 ./matmat 128
Running matmat with n=128, np=32
Command timed out after 300s: mpirun --mca btl_base_warn_component_unused 0 -np 32 ./matmat 128
Running matmat with n=256, np=1
Running matmat with n=256, np=2
Running matmat with n=256, np=4
Running matmat with n=256, np=8
Running matmat with n=256, np=16
Command timed out after 300s: mpirun --mca btl_base_warn_component_unused 0 -np 16 ./matmat 256
Running matmat with n=256, np=32
Command timed out after 300s: mpirun --mca btl_base_warn_component_unused 0 -np 32 ./matmat 256
Running matmat with n=512, np=1
Running matmat with n=512, np=2
Running matmat with n=512, np=4
Running matmat with n=512, np=8
Running matmat with n=512, np=16
Command timed out after 300s: mpirun --mca btl_base_warn_component_unused 0 -np 16 ./matmat 512
Running matmat with n=512, np=32
Command timed out after 300s: mpirun --mca btl_base_warn_component_unused 0 -np 32 ./matmat 512
Running matmat with n=1024, np=1
Running matmat with n=1024, np=2
Running matmat with n=1024, np=4
Running matmat with n=1024, np=8
Running matmat with n=1024, np=16
Command timed out after 300s: mpirun --mca btl_base_warn_component_unused 0 -np 16 ./matmat 1024
Running matmat with n=1024, np=32
Command timed out after 300s: mpirun --mca btl_base_warn_component_unused 0 -np 32 ./matmat 1024
Running matmat with n=2048, np=1
Running matmat with n=2048, np=2
Running matmat with n=2048, np=4
Running matmat with n=2048, np=8
Running matmat with n=2048, np=16
Command timed out after 300s: mpirun --mca btl_base_warn_component_unused 0 -np 16 ./matmat 2048
Running matmat with n=2048, np=32
Command timed out after 300s: mpirun --mca btl_base_warn_component_unused 0 -np 32 ./matmat 2048
Running cannon with n=128, np=1
Running cannon with n=128, np=4
Running cannon with n=126, np=9
Command timed out after 300s: mpirun --mca btl_base_warn_component_unused 0 -np 9 ./cannon 126
Running cannon with n=128, np=16
Command timed out after 300s: mpirun --mca btl_base_warn_component_unused 0 -np 16 ./cannon 128
Running cannon with n=125, np=25
Command timed out after 300s: mpirun --mca btl_base_warn_component_unused 0 -np 25 ./cannon 125
Running cannon with n=126, np=36
Command timed out after 300s: mpirun --mca btl_base_warn_component_unused 0 -np 36 ./cannon 126
Running cannon with n=256, np=1
Running cannon with n=256, np=4
Running cannon with n=255, np=9
Command timed out after 300s: mpirun --mca btl_base_warn_component_unused 0 -np 9 ./cannon 255
Running cannon with n=256, np=16
Command timed out after 300s: mpirun --mca btl_base_warn_component_unused 0 -np 16 ./cannon 256
Running cannon with n=255, np=25
Command timed out after 300s: mpirun --mca btl_base_warn_component_unused 0 -np 25 ./cannon 255
Running cannon with n=252, np=36
slurmstepd: error: *** JOB 10662 ON node-02 CANCELLED AT 2025-03-16T10:17:04 ***
