Running with np=1 processes...
RUNNING: mpirun --mca btl_tcp_if_exclude docker0,lo -np 1 ./matmat 480
Running with np=2 processes...
RUNNING: mpirun --mca btl_tcp_if_exclude docker0,lo -np 2 ./matmat 480
Running with np=4 processes...
RUNNING: mpirun --mca btl_tcp_if_exclude docker0,lo -np 4 ./matmat 480
Running with np=8 processes...
RUNNING: mpirun --mca btl_tcp_if_exclude docker0,lo -np 8 ./matmat 480
Running with np=16 processes...
RUNNING: mpirun --mca btl_tcp_if_exclude docker0,lo -np 16 ./matmat 480
Running with np=32 processes...
RUNNING: mpirun --mca btl_tcp_if_exclude docker0,lo -np 32 ./matmat 480
Running with np=1 processes...
RUNNING: mpirun --mca btl_tcp_if_exclude docker0,lo -np 1 ./matmat 960
Running with np=2 processes...
RUNNING: mpirun --mca btl_tcp_if_exclude docker0,lo -np 2 ./matmat 960
Running with np=4 processes...
RUNNING: mpirun --mca btl_tcp_if_exclude docker0,lo -np 4 ./matmat 960
Running with np=8 processes...
RUNNING: mpirun --mca btl_tcp_if_exclude docker0,lo -np 8 ./matmat 960
Running with np=16 processes...
RUNNING: mpirun --mca btl_tcp_if_exclude docker0,lo -np 16 ./matmat 960
Running with np=32 processes...
RUNNING: mpirun --mca btl_tcp_if_exclude docker0,lo -np 32 ./matmat 960
Running with np=1 processes...
RUNNING: mpirun --mca btl_tcp_if_exclude docker0,lo -np 1 ./matmat 1920
Running with np=2 processes...
RUNNING: mpirun --mca btl_tcp_if_exclude docker0,lo -np 2 ./matmat 1920
Running with np=4 processes...
RUNNING: mpirun --mca btl_tcp_if_exclude docker0,lo -np 4 ./matmat 1920
Running with np=8 processes...
RUNNING: mpirun --mca btl_tcp_if_exclude docker0,lo -np 8 ./matmat 1920
Running with np=16 processes...
RUNNING: mpirun --mca btl_tcp_if_exclude docker0,lo -np 16 ./matmat 1920
Running with np=32 processes...
RUNNING: mpirun --mca btl_tcp_if_exclude docker0,lo -np 32 ./matmat 1920
Running with np=1 processes...
RUNNING: mpirun --mca btl_tcp_if_exclude docker0,lo -np 1 ./matmat 3840
Running with np=2 processes...
RUNNING: mpirun --mca btl_tcp_if_exclude docker0,lo -np 2 ./matmat 3840
Running with np=4 processes...
RUNNING: mpirun --mca btl_tcp_if_exclude docker0,lo -np 4 ./matmat 3840
Running with np=8 processes...
RUNNING: mpirun --mca btl_tcp_if_exclude docker0,lo -np 8 ./matmat 3840
Running with np=16 processes...
RUNNING: mpirun --mca btl_tcp_if_exclude docker0,lo -np 16 ./matmat 3840
Running with np=32 processes...
RUNNING: mpirun --mca btl_tcp_if_exclude docker0,lo -np 32 ./matmat 3840
All tests completed. Results saved to matmat_results_cluster
Matrix-Matrix Multiplication - Cluster Environment Results
==========================================

Environment A (8 Nodes Cluster)

Format: ComputeTime/CommunicationTime (seconds)


      | np=1    | np=2    | np=4    | np=8    | np=16   | np=32   |
------|----------|----------|----------|----------|----------|----------|
N=480   | 0.122982/0.001221 | 0.064967/0.005569 | 0.103600/0.074732 | 0.180397/0.010613 | 0.089128/0.069806 | 0.045091/0.072303 |
N=960   | 6.003898/0.005873 | 3.134429/0.130896 | 1.699895/0.031971 | 1.712972/0.028221 | 0.890991/0.223553 | 0.455247/0.197011 |
N=1920  | 54.406183/0.023184 | 28.092956/0.441549 | 14.987925/0.284125 | 15.972086/0.949254 | 7.919367/0.950324 | 3.972619/0.951310 |
N=3840  | 644.444516/0.092723 | 372.240400/54.030532 | 280.968234/31.019727 | 335.350666/4.973224 | 167.598907/21.362711 | 83.914514/13.475475 |

All tests completed. Results saved to matmat_results_cluster
