Running with np=1 processes...
RUNNING: mpirun --mca btl_tcp_if_exclude docker0,lo -np 1 ./cfd_simulation 100 50 100
Running with np=2 processes...
RUNNING: mpirun --mca btl_tcp_if_exclude docker0,lo -np 2 ./cfd_simulation 100 50 100
Running with np=4 processes...
RUNNING: mpirun --mca btl_tcp_if_exclude docker0,lo -np 4 ./cfd_simulation 100 50 100
Running with np=8 processes...
RUNNING: mpirun --mca btl_tcp_if_exclude docker0,lo -np 8 ./cfd_simulation 100 50 100
Running with np=16 processes...
RUNNING: mpirun --mca btl_tcp_if_exclude docker0,lo -np 16 ./cfd_simulation 100 50 100
Running with np=32 processes...
RUNNING: mpirun --mca btl_tcp_if_exclude docker0,lo -np 32 ./cfd_simulation 100 50 100
Running with np=1 processes...
RUNNING: mpirun --mca btl_tcp_if_exclude docker0,lo -np 1 ./cfd_simulation 100 50 500
Running with np=2 processes...
RUNNING: mpirun --mca btl_tcp_if_exclude docker0,lo -np 2 ./cfd_simulation 100 50 500
Running with np=4 processes...
RUNNING: mpirun --mca btl_tcp_if_exclude docker0,lo -np 4 ./cfd_simulation 100 50 500
Running with np=8 processes...
RUNNING: mpirun --mca btl_tcp_if_exclude docker0,lo -np 8 ./cfd_simulation 100 50 500
Running with np=16 processes...
RUNNING: mpirun --mca btl_tcp_if_exclude docker0,lo -np 16 ./cfd_simulation 100 50 500
Running with np=32 processes...
RUNNING: mpirun --mca btl_tcp_if_exclude docker0,lo -np 32 ./cfd_simulation 100 50 500
Running with np=1 processes...
RUNNING: mpirun --mca btl_tcp_if_exclude docker0,lo -np 1 ./cfd_simulation 100 50 1000
Running with np=2 processes...
RUNNING: mpirun --mca btl_tcp_if_exclude docker0,lo -np 2 ./cfd_simulation 100 50 1000
Running with np=4 processes...
RUNNING: mpirun --mca btl_tcp_if_exclude docker0,lo -np 4 ./cfd_simulation 100 50 1000
Running with np=8 processes...
RUNNING: mpirun --mca btl_tcp_if_exclude docker0,lo -np 8 ./cfd_simulation 100 50 1000
Running with np=16 processes...
RUNNING: mpirun --mca btl_tcp_if_exclude docker0,lo -np 16 ./cfd_simulation 100 50 1000
Running with np=32 processes...
RUNNING: mpirun --mca btl_tcp_if_exclude docker0,lo -np 32 ./cfd_simulation 100 50 1000
Running with np=1 processes...
RUNNING: mpirun --mca btl_tcp_if_exclude docker0,lo -np 1 ./cfd_simulation 200 100 100
Running with np=2 processes...
RUNNING: mpirun --mca btl_tcp_if_exclude docker0,lo -np 2 ./cfd_simulation 200 100 100
Running with np=4 processes...
RUNNING: mpirun --mca btl_tcp_if_exclude docker0,lo -np 4 ./cfd_simulation 200 100 100
Running with np=8 processes...
RUNNING: mpirun --mca btl_tcp_if_exclude docker0,lo -np 8 ./cfd_simulation 200 100 100
Running with np=16 processes...
RUNNING: mpirun --mca btl_tcp_if_exclude docker0,lo -np 16 ./cfd_simulation 200 100 100
Running with np=32 processes...
RUNNING: mpirun --mca btl_tcp_if_exclude docker0,lo -np 32 ./cfd_simulation 200 100 100
Running with np=1 processes...
RUNNING: mpirun --mca btl_tcp_if_exclude docker0,lo -np 1 ./cfd_simulation 200 100 500
Running with np=2 processes...
RUNNING: mpirun --mca btl_tcp_if_exclude docker0,lo -np 2 ./cfd_simulation 200 100 500
Running with np=4 processes...
RUNNING: mpirun --mca btl_tcp_if_exclude docker0,lo -np 4 ./cfd_simulation 200 100 500
Running with np=8 processes...
RUNNING: mpirun --mca btl_tcp_if_exclude docker0,lo -np 8 ./cfd_simulation 200 100 500
Running with np=16 processes...
RUNNING: mpirun --mca btl_tcp_if_exclude docker0,lo -np 16 ./cfd_simulation 200 100 500
Running with np=32 processes...
RUNNING: mpirun --mca btl_tcp_if_exclude docker0,lo -np 32 ./cfd_simulation 200 100 500
Running with np=1 processes...
RUNNING: mpirun --mca btl_tcp_if_exclude docker0,lo -np 1 ./cfd_simulation 200 100 1000
Running with np=2 processes...
RUNNING: mpirun --mca btl_tcp_if_exclude docker0,lo -np 2 ./cfd_simulation 200 100 1000
Running with np=4 processes...
RUNNING: mpirun --mca btl_tcp_if_exclude docker0,lo -np 4 ./cfd_simulation 200 100 1000
Running with np=8 processes...
RUNNING: mpirun --mca btl_tcp_if_exclude docker0,lo -np 8 ./cfd_simulation 200 100 1000
Running with np=16 processes...
RUNNING: mpirun --mca btl_tcp_if_exclude docker0,lo -np 16 ./cfd_simulation 200 100 1000
Running with np=32 processes...
RUNNING: mpirun --mca btl_tcp_if_exclude docker0,lo -np 32 ./cfd_simulation 200 100 1000
Running with np=1 processes...
RUNNING: mpirun --mca btl_tcp_if_exclude docker0,lo -np 1 ./cfd_simulation 400 200 100
Running with np=2 processes...
RUNNING: mpirun --mca btl_tcp_if_exclude docker0,lo -np 2 ./cfd_simulation 400 200 100
Running with np=4 processes...
RUNNING: mpirun --mca btl_tcp_if_exclude docker0,lo -np 4 ./cfd_simulation 400 200 100
Running with np=8 processes...
RUNNING: mpirun --mca btl_tcp_if_exclude docker0,lo -np 8 ./cfd_simulation 400 200 100
Running with np=16 processes...
RUNNING: mpirun --mca btl_tcp_if_exclude docker0,lo -np 16 ./cfd_simulation 400 200 100
Running with np=32 processes...
RUNNING: mpirun --mca btl_tcp_if_exclude docker0,lo -np 32 ./cfd_simulation 400 200 100
Running with np=1 processes...
RUNNING: mpirun --mca btl_tcp_if_exclude docker0,lo -np 1 ./cfd_simulation 400 200 500
Running with np=2 processes...
RUNNING: mpirun --mca btl_tcp_if_exclude docker0,lo -np 2 ./cfd_simulation 400 200 500
Running with np=4 processes...
RUNNING: mpirun --mca btl_tcp_if_exclude docker0,lo -np 4 ./cfd_simulation 400 200 500
Running with np=8 processes...
RUNNING: mpirun --mca btl_tcp_if_exclude docker0,lo -np 8 ./cfd_simulation 400 200 500
Running with np=16 processes...
RUNNING: mpirun --mca btl_tcp_if_exclude docker0,lo -np 16 ./cfd_simulation 400 200 500
Running with np=32 processes...
RUNNING: mpirun --mca btl_tcp_if_exclude docker0,lo -np 32 ./cfd_simulation 400 200 500
Running with np=1 processes...
RUNNING: mpirun --mca btl_tcp_if_exclude docker0,lo -np 1 ./cfd_simulation 400 200 1000
Running with np=2 processes...
RUNNING: mpirun --mca btl_tcp_if_exclude docker0,lo -np 2 ./cfd_simulation 400 200 1000
Running with np=4 processes...
RUNNING: mpirun --mca btl_tcp_if_exclude docker0,lo -np 4 ./cfd_simulation 400 200 1000
Running with np=8 processes...
RUNNING: mpirun --mca btl_tcp_if_exclude docker0,lo -np 8 ./cfd_simulation 400 200 1000
Running with np=16 processes...
RUNNING: mpirun --mca btl_tcp_if_exclude docker0,lo -np 16 ./cfd_simulation 400 200 1000
Running with np=32 processes...
RUNNING: mpirun --mca btl_tcp_if_exclude docker0,lo -np 32 ./cfd_simulation 400 200 1000
Running with np=1 processes...
RUNNING: mpirun --mca btl_tcp_if_exclude docker0,lo -np 1 ./cfd_simulation 800 400 100
Running with np=2 processes...
RUNNING: mpirun --mca btl_tcp_if_exclude docker0,lo -np 2 ./cfd_simulation 800 400 100
Running with np=4 processes...
RUNNING: mpirun --mca btl_tcp_if_exclude docker0,lo -np 4 ./cfd_simulation 800 400 100
Running with np=8 processes...
RUNNING: mpirun --mca btl_tcp_if_exclude docker0,lo -np 8 ./cfd_simulation 800 400 100
Running with np=16 processes...
RUNNING: mpirun --mca btl_tcp_if_exclude docker0,lo -np 16 ./cfd_simulation 800 400 100
Running with np=32 processes...
RUNNING: mpirun --mca btl_tcp_if_exclude docker0,lo -np 32 ./cfd_simulation 800 400 100
Running with np=1 processes...
RUNNING: mpirun --mca btl_tcp_if_exclude docker0,lo -np 1 ./cfd_simulation 800 400 500
Running with np=2 processes...
RUNNING: mpirun --mca btl_tcp_if_exclude docker0,lo -np 2 ./cfd_simulation 800 400 500
Running with np=4 processes...
RUNNING: mpirun --mca btl_tcp_if_exclude docker0,lo -np 4 ./cfd_simulation 800 400 500
Running with np=8 processes...
RUNNING: mpirun --mca btl_tcp_if_exclude docker0,lo -np 8 ./cfd_simulation 800 400 500
Running with np=16 processes...
RUNNING: mpirun --mca btl_tcp_if_exclude docker0,lo -np 16 ./cfd_simulation 800 400 500
Running with np=32 processes...
RUNNING: mpirun --mca btl_tcp_if_exclude docker0,lo -np 32 ./cfd_simulation 800 400 500
Running with np=1 processes...
RUNNING: mpirun --mca btl_tcp_if_exclude docker0,lo -np 1 ./cfd_simulation 800 400 1000
Running with np=2 processes...
RUNNING: mpirun --mca btl_tcp_if_exclude docker0,lo -np 2 ./cfd_simulation 800 400 1000
Running with np=4 processes...
RUNNING: mpirun --mca btl_tcp_if_exclude docker0,lo -np 4 ./cfd_simulation 800 400 1000
Running with np=8 processes...
RUNNING: mpirun --mca btl_tcp_if_exclude docker0,lo -np 8 ./cfd_simulation 800 400 1000
Running with np=16 processes...
RUNNING: mpirun --mca btl_tcp_if_exclude docker0,lo -np 16 ./cfd_simulation 800 400 1000
Running with np=32 processes...
RUNNING: mpirun --mca btl_tcp_if_exclude docker0,lo -np 32 ./cfd_simulation 800 400 1000
All tests completed. Results saved to cfd_results_cluster
CFD Simulation - Cluster Environment Results
==========================================

Environment A (8 Nodes Cluster)

Format: ComputeTime/CommunicationTime (seconds)



Domain Size: 100x50, Reynolds: 100
Processes | np=1    | np=2    | np=4    | np=8    | np=16   | np=32   |
----------|----------|----------|----------|----------|----------|----------|
Comp/Comm | 0.198595/0.006189 | 0.066844/0.853008 | 0.035431/0.948559 | 0.034172/1.186874 | 0.026947/2.842992 | 0.016182/3.513254 |

Domain Size: 100x50, Reynolds: 500
Processes | np=1    | np=2    | np=4    | np=8    | np=16   | np=32   |
----------|----------|----------|----------|----------|----------|----------|
Comp/Comm | 0.189480/0.005925 | 0.065901/0.754792 | 0.034717/0.881342 | 0.034591/1.406013 | 0.025384/2.990936 | 0.018237/2.310699 |

Domain Size: 100x50, Reynolds: 1000
Processes | np=1    | np=2    | np=4    | np=8    | np=16   | np=32   |
----------|----------|----------|----------|----------|----------|----------|
Comp/Comm | 0.186466/0.005896 | 0.065603/0.667235 | 0.057885/0.958231 | 0.034416/0.893665 | 0.017573/2.940651 | 0.016332/2.422169 |

Domain Size: 200x100, Reynolds: 100
Processes | np=1    | np=2    | np=4    | np=8    | np=16   | np=32   |
----------|----------|----------|----------|----------|----------|----------|
Comp/Comm | 0.585550/0.004690 | 0.269854/1.615848 | 0.154782/2.184751 | 0.141101/2.258108 | 0.073967/3.826228 | 0.073654/4.855921 |

Domain Size: 200x100, Reynolds: 500
Processes | np=1    | np=2    | np=4    | np=8    | np=16   | np=32   |
----------|----------|----------|----------|----------|----------|----------|
Comp/Comm | 0.576091/0.005327 | 0.261915/1.612367 | 0.151569/2.145821 | 0.136849/2.502233 | 0.084338/4.014758 | 0.072578/5.532327 |

Domain Size: 200x100, Reynolds: 1000
Processes | np=1    | np=2    | np=4    | np=8    | np=16   | np=32   |
----------|----------|----------|----------|----------|----------|----------|
Comp/Comm | 0.566133/0.004823 | 0.260662/1.619462 | 0.140256/2.351674 | 0.137589/2.698452 | 0.098768/4.041152 | 0.064586/4.995711 |

Domain Size: 400x200, Reynolds: 100
Processes | np=1    | np=2    | np=4    | np=8    | np=16   | np=32   |
----------|----------|----------|----------|----------|----------|----------|
Comp/Comm | 2.709226/0.010129 | 2.434175/1.280109 | 2.461496/1.617455 | 1.842868/2.427889 | 0.387488/3.500504 | 0.217666/4.926298 |

Domain Size: 400x200, Reynolds: 500
Processes | np=1    | np=2    | np=4    | np=8    | np=16   | np=32   |
----------|----------|----------|----------|----------|----------|----------|
Comp/Comm | 2.685931/0.009942 | 2.379211/5.103876 | 2.411194/7.094887 | 1.942752/9.004452 | 0.408415/12.502444 | 0.190454/13.348136 |

Domain Size: 400x200, Reynolds: 1000
Processes | np=1    | np=2    | np=4    | np=8    | np=16   | np=32   |
----------|----------|----------|----------|----------|----------|----------|
Comp/Comm | 2.688122/0.009962 | 2.332509/4.331889 | 2.397647/6.172087 | 1.882785/8.296017 | 0.344142/11.115388 | 0.168943/13.207107 |

Domain Size: 800x400, Reynolds: 100
Processes | np=1    | np=2    | np=4    | np=8    | np=16   | np=32   |
----------|----------|----------|----------|----------|----------|----------|
Comp/Comm | 11.568251/0.010735 | 10.925767/3.620075 | 11.247399/4.220746 | 11.477539/6.300578 | 5.702905/9.648365 | 2.199130/10.626385 |

Domain Size: 800x400, Reynolds: 500
Processes | np=1    | np=2    | np=4    | np=8    | np=16   | np=32   |
----------|----------|----------|----------|----------|----------|----------|
Comp/Comm | 11.568623/0.010918 | 10.889374/17.674849 | 11.084674/24.513108 | 11.537089/32.977995 | 5.772773/47.540911 | 2.162852/49.265399 |

Domain Size: 800x400, Reynolds: 1000
Processes | np=1    | np=2    | np=4    | np=8    | np=16   | np=32   |
----------|----------|----------|----------|----------|----------|----------|
Comp/Comm | 11.633032/0.010525 | 11.019991/18.925532 | 11.124877/23.961056 | 11.340443/33.052970 | 5.676350/44.664415 | 2.342095/48.164475 |

All tests completed. Results saved to cfd_results_cluster
