Running with np=1 processes...
RUNNING: mpirun --mca btl_tcp_if_exclude docker0,lo -np 1 ./matvec 1200
Running with np=2 processes...
RUNNING: mpirun --mca btl_tcp_if_exclude docker0,lo -np 2 ./matvec 1200
Running with np=4 processes...
RUNNING: mpirun --mca btl_tcp_if_exclude docker0,lo -np 4 ./matvec 1200
Running with np=8 processes...
RUNNING: mpirun --mca btl_tcp_if_exclude docker0,lo -np 8 ./matvec 1200
Running with np=16 processes...
RUNNING: mpirun --mca btl_tcp_if_exclude docker0,lo -np 16 ./matvec 1200
Skipping np=32 (matrix size 1200 not divisible by 32)
Running with np=1 processes...
RUNNING: mpirun --mca btl_tcp_if_exclude docker0,lo -np 1 ./matvec 2400
Running with np=2 processes...
RUNNING: mpirun --mca btl_tcp_if_exclude docker0,lo -np 2 ./matvec 2400
Running with np=4 processes...
RUNNING: mpirun --mca btl_tcp_if_exclude docker0,lo -np 4 ./matvec 2400
Running with np=8 processes...
RUNNING: mpirun --mca btl_tcp_if_exclude docker0,lo -np 8 ./matvec 2400
Running with np=16 processes...
RUNNING: mpirun --mca btl_tcp_if_exclude docker0,lo -np 16 ./matvec 2400
Running with np=32 processes...
RUNNING: mpirun --mca btl_tcp_if_exclude docker0,lo -np 32 ./matvec 2400
Running with np=1 processes...
RUNNING: mpirun --mca btl_tcp_if_exclude docker0,lo -np 1 ./matvec 4800
Running with np=2 processes...
RUNNING: mpirun --mca btl_tcp_if_exclude docker0,lo -np 2 ./matvec 4800
Running with np=4 processes...
RUNNING: mpirun --mca btl_tcp_if_exclude docker0,lo -np 4 ./matvec 4800
Running with np=8 processes...
RUNNING: mpirun --mca btl_tcp_if_exclude docker0,lo -np 8 ./matvec 4800
Running with np=16 processes...
RUNNING: mpirun --mca btl_tcp_if_exclude docker0,lo -np 16 ./matvec 4800
Running with np=32 processes...
RUNNING: mpirun --mca btl_tcp_if_exclude docker0,lo -np 32 ./matvec 4800
Running with np=1 processes...
RUNNING: mpirun --mca btl_tcp_if_exclude docker0,lo -np 1 ./matvec 9600
Running with np=2 processes...
RUNNING: mpirun --mca btl_tcp_if_exclude docker0,lo -np 2 ./matvec 9600
Running with np=4 processes...
RUNNING: mpirun --mca btl_tcp_if_exclude docker0,lo -np 4 ./matvec 9600
Running with np=8 processes...
RUNNING: mpirun --mca btl_tcp_if_exclude docker0,lo -np 8 ./matvec 9600
Running with np=16 processes...
RUNNING: mpirun --mca btl_tcp_if_exclude docker0,lo -np 16 ./matvec 9600
Running with np=32 processes...
RUNNING: mpirun --mca btl_tcp_if_exclude docker0,lo -np 32 ./matvec 9600
Running with np=1 processes...
RUNNING: mpirun --mca btl_tcp_if_exclude docker0,lo -np 1 ./matvec 19200
Running with np=2 processes...
RUNNING: mpirun --mca btl_tcp_if_exclude docker0,lo -np 2 ./matvec 19200
Running with np=4 processes...
RUNNING: mpirun --mca btl_tcp_if_exclude docker0,lo -np 4 ./matvec 19200
Running with np=8 processes...
RUNNING: mpirun --mca btl_tcp_if_exclude docker0,lo -np 8 ./matvec 19200
Running with np=16 processes...
RUNNING: mpirun --mca btl_tcp_if_exclude docker0,lo -np 16 ./matvec 19200
Running with np=32 processes...
RUNNING: mpirun --mca btl_tcp_if_exclude docker0,lo -np 32 ./matvec 19200
All tests completed. Results saved to matvec_results_cluster
Matrix-Vector Multiplication - Cluster Environment Results
==========================================

Environment A (8 Nodes Cluster)

Format: ComputeTime/CommunicationTime (seconds)


      | np=1    | np=2    | np=4    | np=8    | np=16   | np=32   |
------|----------|----------|----------|----------|----------|----------|
N=1200  | 0.001618/0.004693 | 0.001348/0.004667 | 0.000482/0.004671 | 0.000244/0.006063 | 0.001150/0.053966 | N/D      |
N=2400  | 0.005639/0.018286 | 0.004578/0.017806 | 0.002451/0.019878 | 0.001426/0.023960 | 0.000824/0.211070 | 0.001487/0.301794 |
N=4800  | 0.021822/0.072170 | 0.017308/0.069687 | 0.008923/0.074928 | 0.004639/0.090395 | 0.002633/0.841132 | 0.008250/1.205780 |
N=9600  | 0.086474/0.291146 | 0.069145/0.275380 | 0.034584/0.295451 | 0.017578/0.356768 | 0.051457/3.359673 | 0.025504/4.829387 |
N=19200 | 0.469885/6.657938 | 0.402013/20.999462 | 0.271925/8.641109 | 0.134806/9.144453 | 0.138974/13.614117 | 0.105735/19.272631 |

All tests completed. Results saved to matvec_results_cluster
