CFD Simulation using MPI Process Topologies
Domain size: 100 x 50
Process grid: 4 x 2
Reynolds number: 500.000000
Iteration 0
Iteration 100
Iteration 200
Iteration 300
Iteration 400
Iteration 500
Iteration 600
Iteration 700
Iteration 800
Iteration 900

=== Performance Results ===
Domain: 100 x 50, Process grid: 4 x 2
Total processes: 8
Initialization time: 0.000064 s
Computation time: 0.034591 s
Communication time: 1.406013 s
Data gathering time: 1.937544 s
Total time: 0.000033 s
Comp/Comm ratio: 0.02
Result summary (0.034591/1.406013)
