CFD Simulation using MPI Process Topologies
Domain size: 800 x 400
Process grid: 2 x 2
Reynolds number: 500.000000
Iteration 0
Iteration 100
Iteration 200
Iteration 300
Iteration 400
Iteration 500
Iteration 600
Iteration 700
Iteration 800
Iteration 900

=== Performance Results ===
Domain: 800 x 400, Process grid: 2 x 2
Total processes: 4
Initialization time: 0.006284 s
Computation time: 11.084674 s
Communication time: 24.513108 s
Data gathering time: 30.657134 s
Total time: 0.011154 s
Comp/Comm ratio: 0.45
Result summary (11.084674/24.513108)
