CFD Simulation using MPI Process Topologies
Domain size: 400 x 200
Process grid: 2 x 1
Reynolds number: 1000.000000
Iteration 0
Iteration 100
Iteration 200
Iteration 300
Iteration 400
Iteration 500
Iteration 600
Iteration 700
Iteration 800
Iteration 900

=== Performance Results ===
Domain: 400 x 200, Process grid: 2 x 1
Total processes: 2
Initialization time: 0.002268 s
Computation time: 2.332509 s
Communication time: 4.331889 s
Data gathering time: 6.739496 s
Total time: 0.002353 s
Comp/Comm ratio: 0.54
Result summary (2.332509/4.331889)
