CFD Simulation using MPI Process Topologies
Domain size: 800 x 400
Process grid: 2 x 1
Reynolds number: 1000.000000
Iteration 0
Iteration 100
Iteration 200
Iteration 300
Iteration 400
Iteration 500
Iteration 600
Iteration 700
Iteration 800
Iteration 900

=== Performance Results ===
Domain: 800 x 400, Process grid: 2 x 1
Total processes: 2
Initialization time: 0.008123 s
Computation time: 11.019991 s
Communication time: 18.925532 s
Data gathering time: 30.039669 s
Total time: 0.010998 s
Comp/Comm ratio: 0.58
Result summary (11.019991/18.925532)
