CFD Simulation using MPI Process Topologies
Domain size: 200 x 100
Process grid: 2 x 1
Reynolds number: 100.000000
Iteration 0
Iteration 100
Iteration 200
Iteration 300
Iteration 400
Iteration 500
Iteration 600
Iteration 700
Iteration 800
Iteration 900

=== Performance Results ===
Domain: 200 x 100, Process grid: 2 x 1
Total processes: 2
Initialization time: 0.000534 s
Computation time: 0.269854 s
Communication time: 1.615848 s
Data gathering time: 2.901529 s
Total time: 0.000272 s
Comp/Comm ratio: 0.17
Result summary (0.269854/1.615848)
