CFD Simulation using MPI Process Topologies
Domain size: 100 x 50
Process grid: 8 x 4
Reynolds number: 500.000000
Iteration 0
Iteration 100
Iteration 200
Iteration 300
Iteration 400
Iteration 500
Iteration 600
Iteration 700
Iteration 800
Iteration 900

=== Performance Results ===
Domain: 100 x 50, Process grid: 8 x 4
Total processes: 32
Initialization time: 0.000020 s
Computation time: 0.018237 s
Communication time: 2.310699 s
Data gathering time: 1.341371 s
Total time: 0.000025 s
Comp/Comm ratio: 0.01
Result summary (0.018237/2.310699)
