CFD Simulation using MPI Process Topologies
Domain size: 400 x 200
Process grid: 4 x 2
Reynolds number: 100.000000
Iteration 0
Iteration 100
Iteration 200
Iteration 300
Iteration 400
Iteration 500
Iteration 600
Iteration 700
Iteration 800
Iteration 900

=== Performance Results ===
Domain: 400 x 200, Process grid: 4 x 2
Total processes: 8
Initialization time: 0.001039 s
Computation time: 1.842868 s
Communication time: 2.427889 s
Data gathering time: 2.375122 s
Total time: 0.002354 s
Comp/Comm ratio: 0.76
Result summary (1.842868/2.427889)
