CFD Simulation using MPI Process Topologies
Domain size: 100 x 50
Process grid: 4 x 4
Reynolds number: 100.000000
Iteration 0
Iteration 100
Iteration 200
Iteration 300
Iteration 400
Iteration 500
Iteration 600
Iteration 700
Iteration 800
Iteration 900

=== Performance Results ===
Domain: 100 x 50, Process grid: 4 x 4
Total processes: 16
Initialization time: 0.000251 s
Computation time: 0.026947 s
Communication time: 2.842992 s
Data gathering time: 2.170127 s
Total time: 0.000048 s
Comp/Comm ratio: 0.01
Result summary (0.026947/2.842992)
