CFD Simulation using MPI Process Topologies
Domain size: 400 x 200
Process grid: 8 x 4
Reynolds number: 100.000000
Iteration 0
Iteration 100
Iteration 200
Iteration 300
Iteration 400
Iteration 500
Iteration 600
Iteration 700
Iteration 800
Iteration 900

=== Performance Results ===
Domain: 400 x 200, Process grid: 8 x 4
Total processes: 32
Initialization time: 0.000411 s
Computation time: 0.217666 s
Communication time: 4.926298 s
Data gathering time: 3.363383 s
Total time: 0.000195 s
Comp/Comm ratio: 0.04
Result summary (0.217666/4.926298)
