CFD Simulation using MPI Process Topologies
Domain size: 400 x 200
Process grid: 2 x 2
Reynolds number: 100.000000
Iteration 0
Iteration 100
Iteration 200
Iteration 300
Iteration 400
Iteration 500
Iteration 600
Iteration 700
Iteration 800
Iteration 900

=== Performance Results ===
Domain: 400 x 200, Process grid: 2 x 2
Total processes: 4
Initialization time: 0.001476 s
Computation time: 2.461496 s
Communication time: 1.617455 s
Data gathering time: 2.257793 s
Total time: 0.002432 s
Comp/Comm ratio: 1.52
Result summary (2.461496/1.617455)
