CFD Simulation using MPI Process Topologies
Domain size: 800 x 400
Process grid: 8 x 4
Reynolds number: 100.000000
Iteration 0
Iteration 100
Iteration 200
Iteration 300
Iteration 400
Iteration 500
Iteration 600
Iteration 700
Iteration 800
Iteration 900

=== Performance Results ===
Domain: 800 x 400, Process grid: 8 x 4
Total processes: 32
Initialization time: 0.001107 s
Computation time: 2.199130 s
Communication time: 10.626385 s
Data gathering time: 8.567885 s
Total time: 0.002826 s
Comp/Comm ratio: 0.21
Result summary (2.199130/10.626385)
