CFD Simulation using MPI Process Topologies
Domain size: 800 x 400
Process grid: 4 x 2
Reynolds number: 500.000000
Iteration 0
Iteration 100
Iteration 200
Iteration 300
Iteration 400
Iteration 500
Iteration 600
Iteration 700
Iteration 800
Iteration 900

=== Performance Results ===
Domain: 800 x 400, Process grid: 4 x 2
Total processes: 8
Initialization time: 0.004597 s
Computation time: 11.537089 s
Communication time: 32.977995 s
Data gathering time: 36.657346 s
Total time: 0.011816 s
Comp/Comm ratio: 0.35
Result summary (11.537089/32.977995)
