CFD Simulation using MPI Process Topologies
Domain size: 800 x 400
Process grid: 2 x 2
Reynolds number: 500.000000
Iteration 0
Iteration 100
Iteration 200
Iteration 300
Iteration 400
Iteration 500
Iteration 600
Iteration 700
Iteration 800
Iteration 900

=== Performance Results ===
Domain: 800 x 400, Process grid: 2 x 2
Total processes: 4
Initialization time: 0.004798 s
Computation time: 3.209304 s
Communication time: 9.386421 s
Data gathering time: 12.383647 s
Total time: 0.002953 s
Comp/Comm ratio: 0.34
Result summary (3.209304/9.386421)
