CFD Simulation using MPI Process Topologies
Domain size: 200 x 100
Process grid: 2 x 1
Reynolds number: 1000.000000
Iteration 0
Iteration 100
Iteration 200
Iteration 300
Iteration 400
Iteration 500
Iteration 600
Iteration 700
Iteration 800
Iteration 900

=== Performance Results ===
Domain: 200 x 100, Process grid: 2 x 1
Total processes: 2
Initialization time: 0.001036 s
Computation time: 0.190500 s
Communication time: 0.438740 s
Data gathering time: 0.860454 s
Total time: 0.000187 s
Comp/Comm ratio: 0.43
Result summary (0.190500/0.438740)
