CFD Simulation using MPI Process Topologies
Domain size: 800 x 400
Process grid: 2 x 1
Reynolds number: 500.000000
Iteration 0
Iteration 100
Iteration 200
Iteration 300
Iteration 400
Iteration 500
Iteration 600
Iteration 700
Iteration 800
Iteration 900

=== Performance Results ===
Domain: 800 x 400, Process grid: 2 x 1
Total processes: 2
Initialization time: 0.009997 s
Computation time: 3.310412 s
Communication time: 5.166771 s
Data gathering time: 9.975096 s
Total time: 0.002822 s
Comp/Comm ratio: 0.64
Result summary (3.310412/5.166771)
