CFD Simulation using MPI Process Topologies
Domain size: 400 x 200
Process grid: 2 x 1
Reynolds number: 1000.000000
Iteration 0
Iteration 100
Iteration 200
Iteration 300
Iteration 400
Iteration 500
Iteration 600
Iteration 700
Iteration 800
Iteration 900

=== Performance Results ===
Domain: 400 x 200, Process grid: 2 x 1
Total processes: 2
Initialization time: 0.002688 s
Computation time: 0.806436 s
Communication time: 1.237486 s
Data gathering time: 2.390473 s
Total time: 0.000956 s
Comp/Comm ratio: 0.65
Result summary (0.806436/1.237486)
