CFD Simulation using MPI Process Topologies
Domain size: 800 x 400
Process grid: 2 x 2
Reynolds number: 100.000000
Iteration 0
Iteration 100
Iteration 200
Iteration 300
Iteration 400
Iteration 500
Iteration 600
Iteration 700
Iteration 800
Iteration 900

=== Performance Results ===
Domain: 800 x 400, Process grid: 2 x 2
Total processes: 4
Initialization time: 0.008382 s
Computation time: 3.191526 s
Communication time: 1.569526 s
Data gathering time: 1.860548 s
Total time: 0.002976 s
Comp/Comm ratio: 2.03
Result summary (3.191526/1.569526)
