CFD Simulation using MPI Process Topologies
Domain size: 400 x 200
Process grid: 4 x 4
Reynolds number: 100.000000
Iteration 0
Iteration 100
Iteration 200
Iteration 300
Iteration 400
Iteration 500
Iteration 600
Iteration 700
Iteration 800
Iteration 900

=== Performance Results ===
Domain: 400 x 200, Process grid: 4 x 4
Total processes: 16
Initialization time: 0.000424 s
Computation time: 0.387488 s
Communication time: 3.500504 s
Data gathering time: 2.575137 s
Total time: 0.000387 s
Comp/Comm ratio: 0.11
Result summary (0.387488/3.500504)
