CFD Simulation using MPI Process Topologies
Domain size: 800 x 400
Process grid: 1 x 1
Reynolds number: 1000.000000
Iteration 0
Iteration 100
Iteration 200
Iteration 300
Iteration 400
Iteration 500
Iteration 600
Iteration 700
Iteration 800
Iteration 900

=== Performance Results ===
Domain: 800 x 400, Process grid: 1 x 1
Total processes: 1
Initialization time: 0.015962 s
Computation time: 11.633032 s
Communication time: 0.010525 s
Data gathering time: 30.353661 s
Total time: 0.011489 s
Comp/Comm ratio: 1105.32
Result summary (11.633032/0.010525)
