CFD Simulation using MPI Process Topologies
Domain size: 100 x 50
Process grid: 2 x 2
Reynolds number: 1000.000000
Iteration 0
Iteration 100
Iteration 200
Iteration 300
Iteration 400
Iteration 500
Iteration 600
Iteration 700
Iteration 800
Iteration 900

=== Performance Results ===
Domain: 100 x 50, Process grid: 2 x 2
Total processes: 4
Initialization time: 0.000096 s
Computation time: 0.057885 s
Communication time: 0.958231 s
Data gathering time: 1.233142 s
Total time: 0.000061 s
Comp/Comm ratio: 0.06
Result summary (0.057885/0.958231)
