CFD Simulation using MPI Process Topologies
Domain size: 100 x 50
Process grid: 2 x 1
Reynolds number: 100.000000
Iteration 0
Iteration 100
Iteration 200
Iteration 300
Iteration 400
Iteration 500
Iteration 600
Iteration 700
Iteration 800
Iteration 900

=== Performance Results ===
Domain: 100 x 50, Process grid: 2 x 1
Total processes: 2
Initialization time: 0.000177 s
Computation time: 0.066844 s
Communication time: 0.853008 s
Data gathering time: 1.230600 s
Total time: 0.000061 s
Comp/Comm ratio: 0.08
Result summary (0.066844/0.853008)
