CFD Simulation using MPI Process Topologies
Domain size: 200 x 100
Process grid: 4 x 4
Reynolds number: 500.000000
Iteration 0
Iteration 100
Iteration 200
Iteration 300
Iteration 400
Iteration 500
Iteration 600
Iteration 700
Iteration 800
Iteration 900

=== Performance Results ===
Domain: 200 x 100, Process grid: 4 x 4
Total processes: 16
Initialization time: 0.000107 s
Computation time: 0.084338 s
Communication time: 4.014758 s
Data gathering time: 3.269845 s
Total time: 0.000058 s
Comp/Comm ratio: 0.02
Result summary (0.084338/4.014758)
