CFD Simulation using MPI Process Topologies
Domain size: 800 x 400
Process grid: 4 x 2
Reynolds number: 100.000000
Iteration 0
Iteration 100
Iteration 200
Iteration 300
Iteration 400
Iteration 500
Iteration 600
Iteration 700
Iteration 800
Iteration 900

=== Performance Results ===
Domain: 800 x 400, Process grid: 4 x 2
Total processes: 8
Initialization time: 0.004563 s
Computation time: 11.477539 s
Communication time: 6.300578 s
Data gathering time: 6.667793 s
Total time: 0.011563 s
Comp/Comm ratio: 1.82
Result summary (11.477539/6.300578)
