CFD Simulation using MPI Process Topologies
Domain size: 400 x 200
Process grid: 4 x 4
Reynolds number: 1000.000000
Iteration 0
Iteration 100
Iteration 200
Iteration 300
Iteration 400
Iteration 500
Iteration 600
Iteration 700
Iteration 800
Iteration 900

=== Performance Results ===
Domain: 400 x 200, Process grid: 4 x 4
Total processes: 16
Initialization time: 0.000392 s
Computation time: 0.344142 s
Communication time: 11.115388 s
Data gathering time: 10.783425 s
Total time: 0.000366 s
Comp/Comm ratio: 0.03
Result summary (0.344142/11.115388)
