CFD Simulation using MPI Process Topologies
Domain size: 100 x 50
Process grid: 4 x 2
Reynolds number: 1000.000000
Iteration 0
Iteration 100
Iteration 200
Iteration 300
Iteration 400
Iteration 500
Iteration 600
Iteration 700
Iteration 800
Iteration 900

=== Performance Results ===
Domain: 100 x 50, Process grid: 4 x 2
Total processes: 8
Initialization time: 0.000063 s
Computation time: 0.034416 s
Communication time: 0.893665 s
Data gathering time: 1.125446 s
Total time: 0.000033 s
Comp/Comm ratio: 0.04
Result summary (0.034416/0.893665)
