CFD Simulation using MPI Process Topologies
Domain size: 800 x 400
Process grid: 2 x 2
Reynolds number: 1000.000000
Iteration 0
Iteration 100
Iteration 200
Iteration 300
Iteration 400
Iteration 500
Iteration 600
Iteration 700
Iteration 800
Iteration 900

=== Performance Results ===
Domain: 800 x 400, Process grid: 2 x 2
Total processes: 4
Initialization time: 0.006471 s
Computation time: 11.124877 s
Communication time: 23.961056 s
Data gathering time: 29.678680 s
Total time: 0.011906 s
Comp/Comm ratio: 0.46
Result summary (11.124877/23.961056)
