CFD Simulation using MPI Process Topologies
Domain size: 200 x 100
Process grid: 8 x 4
Reynolds number: 100.000000
Iteration 0
Iteration 100
Iteration 200
Iteration 300
Iteration 400
Iteration 500
Iteration 600
Iteration 700
Iteration 800
Iteration 900

=== Performance Results ===
Domain: 200 x 100, Process grid: 8 x 4
Total processes: 32
Initialization time: 0.000136 s
Computation time: 0.073654 s
Communication time: 4.855921 s
Data gathering time: 3.633159 s
Total time: 0.000072 s
Comp/Comm ratio: 0.02
Result summary (0.073654/4.855921)
