CFD Simulation using MPI Process Topologies
Domain size: 200 x 100
Process grid: 4 x 2
Reynolds number: 500.000000
Iteration 0
Iteration 100
Iteration 200
Iteration 300
Iteration 400
Iteration 500
Iteration 600
Iteration 700
Iteration 800
Iteration 900

=== Performance Results ===
Domain: 200 x 100, Process grid: 4 x 2
Total processes: 8
Initialization time: 0.000216 s
Computation time: 0.136849 s
Communication time: 2.502233 s
Data gathering time: 2.963207 s
Total time: 0.000127 s
Comp/Comm ratio: 0.05
Result summary (0.136849/2.502233)
