CFD Simulation using MPI Process Topologies
Domain size: 100 x 50
Process grid: 4 x 4
Reynolds number: 500.000000
Iteration 0
Iteration 100
Iteration 200
Iteration 300
Iteration 400
Iteration 500
Iteration 600
Iteration 700
Iteration 800
Iteration 900

=== Performance Results ===
Domain: 100 x 50, Process grid: 4 x 4
Total processes: 16
Initialization time: 0.000027 s
Computation time: 0.025384 s
Communication time: 2.990936 s
Data gathering time: 2.218499 s
Total time: 0.000039 s
Comp/Comm ratio: 0.01
Result summary (0.025384/2.990936)
