CFD Simulation using MPI Process Topologies
Domain size: 200 x 100
Process grid: 2 x 2
Reynolds number: 500.000000
Iteration 0
Iteration 100
Iteration 200
Iteration 300
Iteration 400
Iteration 500
Iteration 600
Iteration 700
Iteration 800
Iteration 900

=== Performance Results ===
Domain: 200 x 100, Process grid: 2 x 2
Total processes: 4
Initialization time: 0.000496 s
Computation time: 0.151569 s
Communication time: 2.145821 s
Data gathering time: 3.333219 s
Total time: 0.000129 s
Comp/Comm ratio: 0.07
Result summary (0.151569/2.145821)
