CFD Simulation using MPI Process Topologies
Domain size: 400 x 200
Process grid: 4 x 2
Reynolds number: 500.000000
Iteration 0
Iteration 100
Iteration 200
Iteration 300
Iteration 400
Iteration 500
Iteration 600
Iteration 700
Iteration 800
Iteration 900

=== Performance Results ===
Domain: 400 x 200, Process grid: 4 x 2
Total processes: 8
Initialization time: 0.000850 s
Computation time: 1.942752 s
Communication time: 9.004452 s
Data gathering time: 9.747616 s
Total time: 0.002340 s
Comp/Comm ratio: 0.22
Result summary (1.942752/9.004452)
