CFD Simulation using MPI Process Topologies
Domain size: 100 x 50
Process grid: 2 x 1
Reynolds number: 1000.000000
Iteration 0
Iteration 100
Iteration 200
Iteration 300
Iteration 400
Iteration 500
Iteration 600
Iteration 700
Iteration 800
Iteration 900

=== Performance Results ===
Domain: 100 x 50, Process grid: 2 x 1
Total processes: 2
Initialization time: 0.000177 s
Computation time: 0.065603 s
Communication time: 0.667235 s
Data gathering time: 0.940689 s
Total time: 0.000061 s
Comp/Comm ratio: 0.10
Result summary (0.065603/0.667235)
