CFD Simulation using MPI Process Topologies
Domain size: 800 x 400
Process grid: 1 x 1
Reynolds number: 100.000000
Iteration 0
Iteration 100
Iteration 200
Iteration 300
Iteration 400
Iteration 500
Iteration 600
Iteration 700
Iteration 800
Iteration 900

=== Performance Results ===
Domain: 800 x 400, Process grid: 1 x 1
Total processes: 1
Initialization time: 0.015353 s
Computation time: 11.568251 s
Communication time: 0.010735 s
Data gathering time: 5.056302 s
Total time: 0.011452 s
Comp/Comm ratio: 1077.61
Result summary (11.568251/0.010735)
