CFD Simulation using MPI Process Topologies
Domain size: 100 x 50
Process grid: 4 x 4
Reynolds number: 1000.000000
Iteration 0
Iteration 100
Iteration 200
Iteration 300
Iteration 400
Iteration 500
Iteration 600
Iteration 700
Iteration 800
Iteration 900

=== Performance Results ===
Domain: 100 x 50, Process grid: 4 x 4
Total processes: 16
Initialization time: 0.000026 s
Computation time: 0.017573 s
Communication time: 2.940651 s
Data gathering time: 2.245445 s
Total time: 0.000068 s
Comp/Comm ratio: 0.01
Result summary (0.017573/2.940651)
