CFD Simulation using MPI Process Topologies
Domain size: 800 x 400
Process grid: 2 x 1
Reynolds number: 1000.000000
Iteration 0
Iteration 100
Iteration 200
Iteration 300
Iteration 400
Iteration 500
Iteration 600
Iteration 700
Iteration 800
Iteration 900

=== Performance Results ===
Domain: 800 x 400, Process grid: 2 x 1
Total processes: 2
Initialization time: 0.010186 s
Computation time: 3.338110 s
Communication time: 14.261369 s
Data gathering time: 19.808620 s
Total time: 0.002837 s
Comp/Comm ratio: 0.23
Result summary (3.338110/14.261369)
