CFD Simulation using MPI Process Topologies
Domain size: 400 x 200
Process grid: 2 x 1
Reynolds number: 100.000000
Iteration 0
Iteration 100
Iteration 200
Iteration 300
Iteration 400
Iteration 500
Iteration 600
Iteration 700
Iteration 800
Iteration 900

=== Performance Results ===
Domain: 400 x 200, Process grid: 2 x 1
Total processes: 2
Initialization time: 0.002528 s
Computation time: 0.952960 s
Communication time: 0.311213 s
Data gathering time: 0.470337 s
Total time: 0.000690 s
Comp/Comm ratio: 3.06
Result summary (0.952960/0.311213)
