CFD Simulation using MPI Process Topologies
Domain size: 200 x 100
Process grid: 2 x 2
Reynolds number: 1000.000000
Iteration 0
Iteration 100
Iteration 200
Iteration 300
Iteration 400
Iteration 500
Iteration 600
Iteration 700
Iteration 800
Iteration 900

=== Performance Results ===
Domain: 200 x 100, Process grid: 2 x 2
Total processes: 4
Initialization time: 0.000432 s
Computation time: 0.104002 s
Communication time: 0.774241 s
Data gathering time: 0.991461 s
Total time: 0.000088 s
Comp/Comm ratio: 0.13
Result summary (0.104002/0.774241)
