CFD Simulation using MPI Process Topologies
Domain size: 100 x 50
Process grid: 2 x 1
Reynolds number: 100.000000
Iteration 0
Iteration 100
Iteration 200
Iteration 300
Iteration 400
Iteration 500
Iteration 600
Iteration 700
Iteration 800
Iteration 900

=== Performance Results ===
Domain: 100 x 50, Process grid: 2 x 1
Total processes: 2
Initialization time: 0.000172 s
Computation time: 0.042553 s
Communication time: 0.114008 s
Data gathering time: 0.210637 s
Total time: 0.000043 s
Comp/Comm ratio: 0.37
Result summary (0.042553/0.114008)
