CFD Simulation using MPI Process Topologies
Domain size: 200 x 100
Process grid: 2 x 1
Reynolds number: 100.000000
Iteration 0
Iteration 100
Iteration 200
Iteration 300
Iteration 400
Iteration 500
Iteration 600
Iteration 700
Iteration 800
Iteration 900

=== Performance Results ===
Domain: 200 x 100, Process grid: 2 x 1
Total processes: 2
Initialization time: 0.000425 s
Computation time: 0.254342 s
Communication time: 0.337772 s
Data gathering time: 0.664039 s
Total time: 0.000202 s
Comp/Comm ratio: 0.75
Result summary (0.254342/0.337772)
