CFD Simulation using MPI Process Topologies
Domain size: 800 x 400
Process grid: 2 x 1
Reynolds number: 500.000000
Iteration 0
Iteration 100
Iteration 200
Iteration 300
Iteration 400
Iteration 500
Iteration 600
Iteration 700
Iteration 800
Iteration 900

=== Performance Results ===
Domain: 800 x 400, Process grid: 2 x 1
Total processes: 2
Initialization time: 0.005124 s
Computation time: 2.587706 s
Communication time: 6.741822 s
Data gathering time: 10.789462 s
Total time: 0.002612 s
Comp/Comm ratio: 0.38
Result summary (2.587706/6.741822)
