CFD Simulation using MPI Process Topologies
Domain size: 400 x 200
Process grid: 4 x 4
Reynolds number: 500.000000
Iteration 0
Iteration 100
Iteration 200
Iteration 300
Iteration 400
Iteration 500
Iteration 600
Iteration 700
Iteration 800
Iteration 900

=== Performance Results ===
Domain: 400 x 200, Process grid: 4 x 4
Total processes: 16
Initialization time: 0.000377 s
Computation time: 0.129826 s
Communication time: 2.980239 s
Data gathering time: 3.072608 s
Total time: 0.000129 s
Comp/Comm ratio: 0.04
Result summary (0.129826/2.980239)
