CFD Simulation using MPI Process Topologies
Domain size: 200 x 100
Process grid: 2 x 2
Reynolds number: 500.000000
Iteration 0
Iteration 100
Iteration 200
Iteration 300
Iteration 400
Iteration 500
Iteration 600
Iteration 700
Iteration 800
Iteration 900

=== Performance Results ===
Domain: 200 x 100, Process grid: 2 x 2
Total processes: 4
Initialization time: 0.000228 s
Computation time: 0.078525 s
Communication time: 0.468991 s
Data gathering time: 0.600457 s
Total time: 0.000072 s
Comp/Comm ratio: 0.17
Result summary (0.078525/0.468991)
