CFD Simulation using MPI Process Topologies
Domain size: 400 x 200
Process grid: 2 x 2
Reynolds number: 1000.000000
Iteration 0
Iteration 100
Iteration 200
Iteration 300
Iteration 400
Iteration 500
Iteration 600
Iteration 700
Iteration 800
Iteration 900

=== Performance Results ===
Domain: 400 x 200, Process grid: 2 x 2
Total processes: 4
Initialization time: 0.001339 s
Computation time: 0.294174 s
Communication time: 2.142181 s
Data gathering time: 2.636855 s
Total time: 0.000271 s
Comp/Comm ratio: 0.14
Result summary (0.294174/2.142181)
