CFD Simulation using MPI Process Topologies
Domain size: 400 x 200
Process grid: 8 x 8
Reynolds number: 1000.000000
Iteration 0
Iteration 100
Iteration 200
Iteration 300
Iteration 400
Iteration 500
Iteration 600
Iteration 700
Iteration 800
Iteration 900

=== Performance Results ===
Domain: 400 x 200, Process grid: 8 x 8
Total processes: 64
Initialization time: 0.000253 s
Computation time: 0.032985 s
Communication time: 4.492727 s
Data gathering time: 4.237174 s
Total time: 0.000036 s
Comp/Comm ratio: 0.01
Result summary (0.032985/4.492727)
