CFD Simulation using MPI Process Topologies
Domain size: 400 x 200
Process grid: 8 x 8
Reynolds number: 100.000000
Iteration 0
Iteration 100
Iteration 200
Iteration 300
Iteration 400
Iteration 500
Iteration 600
Iteration 700
Iteration 800
Iteration 900

=== Performance Results ===
Domain: 400 x 200, Process grid: 8 x 8
Total processes: 64
Initialization time: 0.000316 s
Computation time: 0.037785 s
Communication time: 5.245488 s
Data gathering time: 1.072045 s
Total time: 0.000100 s
Comp/Comm ratio: 0.01
Result summary (0.037785/5.245488)
