CFD Simulation using MPI Process Topologies
Domain size: 200 x 100
Process grid: 8 x 8
Reynolds number: 1000.000000
Iteration 0
Iteration 100
Iteration 200
Iteration 300
Iteration 400
Iteration 500
Iteration 600
Iteration 700
Iteration 800
Iteration 900

=== Performance Results ===
Domain: 200 x 100, Process grid: 8 x 8
Total processes: 64
Initialization time: 0.000165 s
Computation time: 0.009429 s
Communication time: 3.941187 s
Data gathering time: 1.060034 s
Total time: 0.000015 s
Comp/Comm ratio: 0.00
Result summary (0.009429/3.941187)
