CFD Simulation using MPI Process Topologies
Domain size: 800 x 400
Process grid: 4 x 2
Reynolds number: 500.000000
Iteration 0
Iteration 100
Iteration 200
Iteration 300
Iteration 400
Iteration 500
Iteration 600
Iteration 700
Iteration 800
Iteration 900

=== Performance Results ===
Domain: 800 x 400, Process grid: 4 x 2
Total processes: 8
Initialization time: 0.002095 s
Computation time: 0.581330 s
Communication time: 10.964188 s
Data gathering time: 12.103293 s
Total time: 0.000545 s
Comp/Comm ratio: 0.05
Result summary (0.581330/10.964188)
