CFD Simulation using MPI Process Topologies
Domain size: 400 x 200
Process grid: 8 x 8
Reynolds number: 500.000000
Iteration 0
Iteration 100
Iteration 200
Iteration 300
Iteration 400
Iteration 500
Iteration 600
Iteration 700
Iteration 800
Iteration 900

=== Performance Results ===
Domain: 400 x 200, Process grid: 8 x 8
Total processes: 64
Initialization time: 0.000225 s
Computation time: 0.031636 s
Communication time: 9.318823 s
Data gathering time: 5.196205 s
Total time: 0.000033 s
Comp/Comm ratio: 0.00
Result summary (0.031636/9.318823)
