CFD Simulation using MPI Process Topologies
Domain size: 200 x 100
Process grid: 4 x 2
Reynolds number: 100.000000
Iteration 0
Iteration 100
Iteration 200
Iteration 300
Iteration 400
Iteration 500
Iteration 600
Iteration 700
Iteration 800
Iteration 900

=== Performance Results ===
Domain: 200 x 100, Process grid: 4 x 2
Total processes: 8
Initialization time: 0.000147 s
Computation time: 0.068504 s
Communication time: 0.550555 s
Data gathering time: 0.592113 s
Total time: 0.000065 s
Comp/Comm ratio: 0.12
Result summary (0.068504/0.550555)
