CFD Simulation using MPI Process Topologies
Domain size: 100 x 50
Process grid: 8 x 8
Reynolds number: 100.000000
Iteration 0
Iteration 100
Iteration 200
Iteration 300
Iteration 400
Iteration 500
Iteration 600
Iteration 700
Iteration 800
Iteration 900

=== Performance Results ===
Domain: 100 x 50, Process grid: 8 x 8
Total processes: 64
Initialization time: 0.000514 s
Computation time: 0.003677 s
Communication time: 10.527083 s
Data gathering time: 0.130102 s
Total time: 0.000007 s
Comp/Comm ratio: 0.00
Result summary (0.003677/10.527083)
