CFD Simulation using MPI Process Topologies
Domain size: 200 x 100
Process grid: 1 x 1
Reynolds number: 100.000000
Iteration 0
Iteration 100
Iteration 200
Iteration 300
Iteration 400
Iteration 500
Iteration 600
Iteration 700
Iteration 800
Iteration 900

=== Performance Results ===
Domain: 200 x 100, Process grid: 1 x 1
Total processes: 1
Initialization time: 0.000626 s
Computation time: 0.285367 s
Communication time: 0.003841 s
Data gathering time: 0.482491 s
Total time: 0.000285 s
Comp/Comm ratio: 74.29
Result summary (0.285367/0.003841)
