CFD Simulation using MPI Process Topologies
Domain size: 800 x 400
Process grid: 1 x 1
Reynolds number: 500.000000
Iteration 0
Iteration 100
Iteration 200
Iteration 300
Iteration 400
Iteration 500
Iteration 600
Iteration 700
Iteration 800
Iteration 900

=== Performance Results ===
Domain: 800 x 400, Process grid: 1 x 1
Total processes: 1
Initialization time: 0.010073 s
Computation time: 4.867034 s
Communication time: 0.008345 s
Data gathering time: 10.735215 s
Total time: 0.004773 s
Comp/Comm ratio: 583.26
Result summary (4.867034/0.008345)
