Running experiments on 6 nodes with approximately 48 total processes
=== Matrix-Vector Multiplication Experiments ===
Format: (computation_time/communication_time) in seconds
N\tNP=1\tNP=2\tNP=4\tNP=8\tNP=16\tNP=32\tNP=48\t
128\t(0.000062/0.000055)\t(0.000042/0.000118)\t(0.000037/0.000175)\t(0.000013/0.000264)\tTIMEOUT\tTIMEOUT\tN/A\t
256\t(0.000244/0.000204)\t(0.000109/0.000205)\t(0.000101/0.000288)\t(0.000102/0.000450)\tTIMEOUT\tTIMEOUT\tN/A\t
512\t(0.000824/0.000694)\t(0.000428/0.000699)\t(0.000422/0.000987)\t(0.000216/0.001064)\tTIMEOUT\tTIMEOUT\tN/A\t
1024\t(0.003473/0.003422)\t(0.001767/0.003486)\t(0.001657/0.004636)\t(0.000864/0.004817)\tTIMEOUT\tTIMEOUT\tN/A\t
2048\t(0.014195/0.013434)\t(0.007140/0.013255)\t(0.003861/0.013596)\t(0.003445/0.018270)\tTIMEOUT\tTIMEOUT\tN/A\t

=== Matrix-Matrix Multiplication Experiments ===
Format: (computation_time/communication_time) in seconds
N\tNP=1\tNP=2\tNP=4\tNP=8\tNP=16\tNP=32\tNP=48\t
128\t(0.012062/0.000107)\t(0.006343/0.000424)\t(0.005259/0.002778)\t(0.002714/0.000866)\tTIMEOUT\tTIMEOUT\tN/A\t
256\t(0.108252/0.000351)\t(0.055281/0.000820)\t(0.044304/0.017271)\t(0.027218/0.001723)\tTIMEOUT\tTIMEOUT\tN/A\t
512\t(0.932148/0.001457)\t(0.477730/0.007317)\t(0.355269/0.075530)\t(0.308430/0.011735)\tTIMEOUT\tTIMEOUT\tN/A\t
1024\t(23.295314/0.006601)\t(13.085540/4.772246)\t(7.290721/3.739901)\t(6.151429/3.197927)\tTIMEOUT\tTIMEOUT\tN/A\t
2048\t(208.036175/0.024824)\t(126.802636/15.883193)\t(70.518468/8.760988)\t(54.651405/2.494143)\tTIMEOUT\tTIMEOUT\tN/A\t

=== Cannon's Algorithm Matrix Multiplication Experiments ===
Format: (computation_time/communication_time) in seconds
N\tNP=1\tNP=4\tNP=9\tNP=16\tNP=25\tNP=36\t
128\t(0.010820/0.000421)\t(0.005375/0.002987)\t(126) TIMEOUT\tTIMEOUT\t(125) TIMEOUT\t(126) TIMEOUT\t
256\t(0.109395/0.001978)\t(0.033414/0.012861)\t(255) TIMEOUT\tTIMEOUT\t(255) TIMEOUT\t(252) 