CFD Simulation using MPI Process Topologies
Domain size: 800 x 400
Process grid: 4 x 4
Reynolds number: 500.000000
Iteration 0
Iteration 100
Iteration 200
Iteration 300
Iteration 400
Iteration 500
Iteration 600
Iteration 700
Iteration 800
Iteration 900

=== Performance Results ===
Domain: 800 x 400, Process grid: 4 x 4
Total processes: 16
Initialization time: 0.001601 s
Computation time: 0.348619 s
Communication time: 12.402508 s
Data gathering time: 12.968480 s
Total time: 0.000279 s
Comp/Comm ratio: 0.03
Result summary (0.348619/12.402508)
