CFD Simulation using MPI Process Topologies
Domain size: 400 x 200
Process grid: 1 x 1
Reynolds number: 1000.000000
Iteration 0
Iteration 100
Iteration 200
Iteration 300
Iteration 400
Iteration 500
Iteration 600
Iteration 700
Iteration 800
Iteration 900

=== Performance Results ===
Domain: 400 x 200, Process grid: 1 x 1
Total processes: 1
Initialization time: 0.003289 s
Computation time: 1.147833 s
Communication time: 0.005576 s
Data gathering time: 2.506585 s
Total time: 0.001154 s
Comp/Comm ratio: 205.85
Result summary (1.147833/0.005576)
