CFD Simulation using MPI Process Topologies
Domain size: 400 x 200
Process grid: 2 x 1
Reynolds number: 1000.000000
Iteration 0
Iteration 100
Iteration 200
Iteration 300
Iteration 400
Iteration 500
Iteration 600
Iteration 700
Iteration 800
Iteration 900

=== Performance Results ===
Domain: 400 x 200, Process grid: 2 x 1
Total processes: 2
Initialization time: 0.001373 s
Computation time: 0.594636 s
Communication time: 1.499796 s
Data gathering time: 2.478742 s
Total time: 0.000535 s
Comp/Comm ratio: 0.40
Result summary (0.594636/1.499796)
