CFD Simulation using MPI Process Topologies
Domain size: 200 x 100
Process grid: 1 x 1
Reynolds number: 500.000000
Iteration 0
Iteration 100
Iteration 200
Iteration 300
Iteration 400
Iteration 500
Iteration 600
Iteration 700
Iteration 800
Iteration 900

=== Performance Results ===
Domain: 200 x 100, Process grid: 1 x 1
Total processes: 1
Initialization time: 0.001031 s
Computation time: 0.289046 s
Communication time: 0.003923 s
Data gathering time: 0.568650 s
Total time: 0.000284 s
Comp/Comm ratio: 73.68
Result summary (0.289046/0.003923)
