CFD Simulation using MPI Process Topologies
Domain size: 800 x 400
Process grid: 8 x 4
Reynolds number: 1000.000000
Iteration 0
Iteration 100
Iteration 200
Iteration 300
Iteration 400
Iteration 500
Iteration 600
Iteration 700
Iteration 800
Iteration 900

=== Performance Results ===
Domain: 800 x 400, Process grid: 8 x 4
Total processes: 32
Initialization time: 0.001127 s
Computation time: 0.257912 s
Communication time: 13.566370 s
Data gathering time: 13.771630 s
Total time: 0.000254 s
Comp/Comm ratio: 0.02
Result summary (0.257912/13.566370)
