CFD Simulation using MPI Process Topologies
Domain size: 400 x 200
Process grid: 2 x 2
Reynolds number: 100.000000
Iteration 0
Iteration 100
Iteration 200
Iteration 300
Iteration 400
Iteration 500
Iteration 600
Iteration 700
Iteration 800
Iteration 900

=== Performance Results ===
Domain: 400 x 200, Process grid: 2 x 2
Total processes: 4
Initialization time: 0.001050 s
Computation time: 0.307763 s
Communication time: 0.395534 s
Data gathering time: 0.472917 s
Total time: 0.000287 s
Comp/Comm ratio: 0.78
Result summary (0.307763/0.395534)
