CFD Simulation using MPI Process Topologies
Domain size: 100 x 50
Process grid: 2 x 2
Reynolds number: 100.000000
Iteration 0
Iteration 100
Iteration 200
Iteration 300
Iteration 400
Iteration 500
Iteration 600
Iteration 700
Iteration 800
Iteration 900

=== Performance Results ===
Domain: 100 x 50, Process grid: 2 x 2
Total processes: 4
Initialization time: 0.000662 s
Computation time: 0.053763 s
Communication time: 4.077423 s
Data gathering time: 0.950644 s
Total time: 0.000033 s
Comp/Comm ratio: 0.01
Result summary (0.053763/4.077423)
