CFD Simulation using MPI Process Topologies
Domain size: 800 x 400
Process grid: 1 x 1
Reynolds number: 1000.000000
Iteration 0
Iteration 100
Iteration 200
Iteration 300
Iteration 400
Iteration 500
Iteration 600
Iteration 700
Iteration 800
Iteration 900

=== Performance Results ===
Domain: 800 x 400, Process grid: 1 x 1
Total processes: 1
Initialization time: 0.010576 s
Computation time: 4.803576 s
Communication time: 0.008132 s
Data gathering time: 12.227614 s
Total time: 0.004947 s
Comp/Comm ratio: 590.72
Result summary (4.803576/0.008132)
