CFD Simulation using MPI Process Topologies
Domain size: 400 x 200
Process grid: 8 x 4
Reynolds number: 1000.000000
Iteration 0
Iteration 100
Iteration 200
Iteration 300
Iteration 400
Iteration 500
Iteration 600
Iteration 700
Iteration 800
Iteration 900

=== Performance Results ===
Domain: 400 x 200, Process grid: 8 x 4
Total processes: 32
Initialization time: 0.000361 s
Computation time: 0.064980 s
Communication time: 3.410321 s
Data gathering time: 3.437947 s
Total time: 0.000065 s
Comp/Comm ratio: 0.02
Result summary (0.064980/3.410321)
