CFD Simulation using MPI Process Topologies
Domain size: 100 x 50
Process grid: 4 x 4
Reynolds number: 500.000000
Iteration 0
Iteration 100
Iteration 200
Iteration 300
Iteration 400
Iteration 500
Iteration 600
Iteration 700
Iteration 800
Iteration 900

=== Performance Results ===
Domain: 100 x 50, Process grid: 4 x 4
Total processes: 16
Initialization time: 0.000037 s
Computation time: 0.007841 s
Communication time: 0.235274 s
Data gathering time: 0.213337 s
Total time: 0.000008 s
Comp/Comm ratio: 0.03
Result summary (0.007841/0.235274)
