CFD Simulation using MPI Process Topologies
Domain size: 400 x 200
Process grid: 2 x 1
Reynolds number: 100.000000
Iteration 0
Iteration 100
Iteration 200
Iteration 300
Iteration 400
Iteration 500
Iteration 600
Iteration 700
Iteration 800
Iteration 900

=== Performance Results ===
Domain: 400 x 200, Process grid: 2 x 1
Total processes: 2
Initialization time: 0.002075 s
Computation time: 0.552988 s
Communication time: 0.231763 s
Data gathering time: 0.437355 s
Total time: 0.000549 s
Comp/Comm ratio: 2.39
Result summary (0.552988/0.231763)
