CFD Simulation using MPI Process Topologies
Domain size: 100 x 50
Process grid: 8 x 8
Reynolds number: 1000.000000
Iteration 0
Iteration 100
Iteration 200
Iteration 300
Iteration 400
Iteration 500
Iteration 600
Iteration 700
Iteration 800
Iteration 900

=== Performance Results ===
Domain: 100 x 50, Process grid: 8 x 8
Total processes: 64
Initialization time: 0.000008 s
Computation time: 0.004646 s
Communication time: 20.246002 s
Data gathering time: 0.101499 s
Total time: 0.000003 s
Comp/Comm ratio: 0.00
Result summary (0.004646/20.246002)
