CFD Simulation using MPI Process Topologies
Domain size: 800 x 400
Process grid: 4 x 4
Reynolds number: 1000.000000
Iteration 0
Iteration 100
Iteration 200
Iteration 300
Iteration 400
Iteration 500
Iteration 600
Iteration 700
Iteration 800
Iteration 900

=== Performance Results ===
Domain: 800 x 400, Process grid: 4 x 4
Total processes: 16
Initialization time: 0.001652 s
Computation time: 0.327012 s
Communication time: 11.847926 s
Data gathering time: 12.387597 s
Total time: 0.000275 s
Comp/Comm ratio: 0.03
Result summary (0.327012/11.847926)
