CFD Simulation using MPI Process Topologies
Domain size: 200 x 100
Process grid: 4 x 4
Reynolds number: 500.000000
Iteration 0
Iteration 100
Iteration 200
Iteration 300
Iteration 400
Iteration 500
Iteration 600
Iteration 700
Iteration 800
Iteration 900

=== Performance Results ===
Domain: 200 x 100, Process grid: 4 x 4
Total processes: 16
Initialization time: 0.000121 s
Computation time: 0.032186 s
Communication time: 0.719359 s
Data gathering time: 0.719157 s
Total time: 0.000032 s
Comp/Comm ratio: 0.04
Result summary (0.032186/0.719359)
