CFD Simulation using MPI Process Topologies
Domain size: 100 x 50
Process grid: 2 x 2
Reynolds number: 1000.000000
Iteration 0
Iteration 100
Iteration 200
Iteration 300
Iteration 400
Iteration 500
Iteration 600
Iteration 700
Iteration 800
Iteration 900

=== Performance Results ===
Domain: 100 x 50, Process grid: 2 x 2
Total processes: 4
Initialization time: 0.000071 s
Computation time: 0.025589 s
Communication time: 0.127715 s
Data gathering time: 0.154018 s
Total time: 0.000026 s
Comp/Comm ratio: 0.20
Result summary (0.025589/0.127715)
